# JRE version: Java(TM) SE Runtime Environment (8.0_151-b12) (build 1.8.0_151-b12)
# Java VM: Java HotSpot(TM) 64-Bit Server VM (25.151-b12 mixed mode linux-amd64 compressed oops)
Heap:
 PSYoungGen      total 211456K, used 12212K [0x00000000e1380000, 0x00000000ef380000, 0x0000000100000000)
  eden space 195072K, 0% used [0x00000000e1380000,0x00000000e1380000,0x00000000ed200000)
  from space 16384K, 74% used [0x00000000ed200000,0x00000000edded100,0x00000000ee200000)
  to   space 14848K, 0% used [0x00000000ee200000,0x00000000ee200000,0x00000000ef080000)
 ParOldGen       total 64512K, used 23927K [0x00000000a3a00000, 0x00000000a7900000, 0x00000000e1380000)
  object space 64512K, 37% used [0x00000000a3a00000,0x00000000a515dc68,0x00000000a7900000)
 Metaspace       used 21091K, capacity 21468K, committed 21628K, reserved 1069056K
  class space    used 2510K, capacity 2640K, committed 2688K, reserved 1048576K
GC Heap History (10 events):
Event: 1.454 GC heap after
Heap after GC invocations=2 (full 0):
 PSYoungGen      total 52736K, used 3552K [0x00000000e1380000, 0x00000000e4a80000, 0x0000000100000000)
  eden space 49152K, 0% used [0x00000000e1380000,0x00000000e1380000,0x00000000e4380000)
  from space 3584K, 99% used [0x00000000e4700000,0x00000000e4a78308,0x00000000e4a80000)
  to   space 3584K, 0% used [0x00000000e4380000,0x00000000e4380000,0x00000000e4700000)
 ParOldGen       total 64512K, used 1516K [0x00000000a3a00000, 0x00000000a7900000, 0x00000000e1380000)
  object space 64512K, 2% used [0x00000000a3a00000,0x00000000a3b7b288,0x00000000a7900000)
 Metaspace       used 9648K, capacity 9812K, committed 9984K, reserved 1058816K
  class space    used 1189K, capacity 1245K, committed 1280K, reserved 1048576K
}
Event: 2.702 GC heap before
{Heap before GC invocations=3 (full 0):
 PSYoungGen      total 52736K, used 52704K [0x00000000e1380000, 0x00000000e4a80000, 0x0000000100000000)
  eden space 49152K, 100% used [0x00000000e1380000,0x00000000e4380000,0x00000000e4380000)
  from space 3584K, 99% used [0x00000000e4700000,0x00000000e4a78308,0x00000000e4a80000)
  to   space 3584K, 0% used [0x00000000e4380000,0x00000000e4380000,0x00000000e4700000)
 ParOldGen       total 64512K, used 1516K [0x00000000a3a00000, 0x00000000a7900000, 0x00000000e1380000)
  object space 64512K, 2% used [0x00000000a3a00000,0x00000000a3b7b288,0x00000000a7900000)
 Metaspace       used 14327K, capacity 14568K, committed 14720K, reserved 1062912K
  class space    used 1767K, capacity 1876K, committed 1920K, reserved 1048576K
Event: 2.737 GC heap after
Heap after GC invocations=3 (full 0):
 PSYoungGen      total 52736K, used 3552K [0x00000000e1380000, 0x00000000e7a80000, 0x0000000100000000)
  eden space 49152K, 0% used [0x00000000e1380000,0x00000000e1380000,0x00000000e4380000)
  from space 3584K, 99% used [0x00000000e4380000,0x00000000e46f8040,0x00000000e4700000)
  to   space 3584K, 0% used [0x00000000e7700000,0x00000000e7700000,0x00000000e7a80000)
 ParOldGen       total 64512K, used 9346K [0x00000000a3a00000, 0x00000000a7900000, 0x00000000e1380000)
  object space 64512K, 14% used [0x00000000a3a00000,0x00000000a4320850,0x00000000a7900000)
 Metaspace       used 14327K, capacity 14568K, committed 14720K, reserved 1062912K
  class space    used 1767K, capacity 1876K, committed 1920K, reserved 1048576K
}
Event: 3.625 GC heap before
{Heap before GC invocations=4 (full 0):
 PSYoungGen      total 52736K, used 52704K [0x00000000e1380000, 0x00000000e7a80000, 0x0000000100000000)
  eden space 49152K, 100% used [0x00000000e1380000,0x00000000e4380000,0x00000000e4380000)
  from space 3584K, 99% used [0x00000000e4380000,0x00000000e46f8040,0x00000000e4700000)
  to   space 3584K, 0% used [0x00000000e7700000,0x00000000e7700000,0x00000000e7a80000)
 ParOldGen       total 64512K, used 9346K [0x00000000a3a00000, 0x00000000a7900000, 0x00000000e1380000)
  object space 64512K, 14% used [0x00000000a3a00000,0x00000000a4320850,0x00000000a7900000)
 Metaspace       used 14921K, capacity 15182K, committed 15488K, reserved 1062912K
  class space    used 1803K, capacity 1909K, committed 1920K, reserved 1048576K
Event: 3.659 GC heap after
Heap after GC invocations=4 (full 0):
 PSYoungGen      total 101888K, used 3552K [0x00000000e1380000, 0x00000000e7a80000, 0x0000000100000000)
  eden space 98304K, 0% used [0x00000000e1380000,0x00000000e1380000,0x00000000e7380000)
  from space 3584K, 99% used [0x00000000e7700000,0x00000000e7a78020,0x00000000e7a80000)
  to   space 3584K, 0% used [0x00000000e7380000,0x00000000e7380000,0x00000000e7700000)
 ParOldGen       total 64512K, used 15636K [0x00000000a3a00000, 0x00000000a7900000, 0x00000000e1380000)
  object space 64512K, 24% used [0x00000000a3a00000,0x00000000a4945190,0x00000000a7900000)
 Metaspace       used 14921K, capacity 15182K, committed 15488K, reserved 1062912K
  class space    used 1803K, capacity 1909K, committed 1920K, reserved 1048576K
}
Event: 5.867 GC heap before
{Heap before GC invocations=5 (full 0):
 PSYoungGen      total 101888K, used 101856K [0x00000000e1380000, 0x00000000e7a80000, 0x0000000100000000)
  eden space 98304K, 100% used [0x00000000e1380000,0x00000000e7380000,0x00000000e7380000)
  from space 3584K, 99% used [0x00000000e7700000,0x00000000e7a78020,0x00000000e7a80000)
  to   space 3584K, 0% used [0x00000000e7380000,0x00000000e7380000,0x00000000e7700000)
 ParOldGen       total 64512K, used 15636K [0x00000000a3a00000, 0x00000000a7900000, 0x00000000e1380000)
  object space 64512K, 24% used [0x00000000a3a00000,0x00000000a4945190,0x00000000a7900000)
 Metaspace       used 17602K, capacity 18044K, committed 18176K, reserved 1064960K
  class space    used 2083K, capacity 2224K, committed 2304K, reserved 1048576K
Event: 5.905 GC heap after
Heap after GC invocations=5 (full 0):
 PSYoungGen      total 101888K, used 3584K [0x00000000e1380000, 0x00000000ef080000, 0x0000000100000000)
  eden space 98304K, 0% used [0x00000000e1380000,0x00000000e1380000,0x00000000e7380000)
  from space 3584K, 100% used [0x00000000e7380000,0x00000000e7700000,0x00000000e7700000)
  to   space 14848K, 0% used [0x00000000ee200000,0x00000000ee200000,0x00000000ef080000)
 ParOldGen       total 64512K, used 23263K [0x00000000a3a00000, 0x00000000a7900000, 0x00000000e1380000)
  object space 64512K, 36% used [0x00000000a3a00000,0x00000000a50b7c18,0x00000000a7900000)
 Metaspace       used 17602K, capacity 18044K, committed 18176K, reserved 1064960K
  class space    used 2083K, capacity 2224K, committed 2304K, reserved 1048576K
}
Event: 6.848 GC heap before
{Heap before GC invocations=6 (full 0):
 PSYoungGen      total 101888K, used 35553K [0x00000000e1380000, 0x00000000ef080000, 0x0000000100000000)
  eden space 98304K, 32% used [0x00000000e1380000,0x00000000e32b86a0,0x00000000e7380000)
  from space 3584K, 100% used [0x00000000e7380000,0x00000000e7700000,0x00000000e7700000)
  to   space 14848K, 0% used [0x00000000ee200000,0x00000000ee200000,0x00000000ef080000)
 ParOldGen       total 64512K, used 23263K [0x00000000a3a00000, 0x00000000a7900000, 0x00000000e1380000)
  object space 64512K, 36% used [0x00000000a3a00000,0x00000000a50b7c18,0x00000000a7900000)
 Metaspace       used 20741K, capacity 21180K, committed 21552K, reserved 1069056K
  class space    used 2480K, capacity 2608K, committed 2688K, reserved 1048576K
Event: 6.892 GC heap after
Heap after GC invocations=6 (full 0):
 PSYoungGen      total 209920K, used 12676K [0x00000000e1380000, 0x00000000ef380000, 0x0000000100000000)
  eden space 195072K, 0% used [0x00000000e1380000,0x00000000e1380000,0x00000000ed200000)
  from space 14848K, 85% used [0x00000000ee200000,0x00000000eee61048,0x00000000ef080000)
  to   space 16384K, 0% used [0x00000000ed200000,0x00000000ed200000,0x00000000ee200000)
 ParOldGen       total 64512K, used 23271K [0x00000000a3a00000, 0x00000000a7900000, 0x00000000e1380000)
  object space 64512K, 36% used [0x00000000a3a00000,0x00000000a50b9c18,0x00000000a7900000)
 Metaspace       used 20741K, capacity 21180K, committed 21552K, reserved 1069056K
  class space    used 2480K, capacity 2608K, committed 2688K, reserved 1048576K
}
Event: 7.073 GC heap before
{Heap before GC invocations=7 (full 0):
 PSYoungGen      total 209920K, used 20802K [0x00000000e1380000, 0x00000000ef380000, 0x0000000100000000)
  eden space 195072K, 4% used [0x00000000e1380000,0x00000000e1b6f808,0x00000000ed200000)
  from space 14848K, 85% used [0x00000000ee200000,0x00000000eee61048,0x00000000ef080000)
  to   space 16384K, 0% used [0x00000000ed200000,0x00000000ed200000,0x00000000ee200000)
 ParOldGen       total 64512K, used 23271K [0x00000000a3a00000, 0x00000000a7900000, 0x00000000e1380000)
  object space 64512K, 36% used [0x00000000a3a00000,0x00000000a50b9c18,0x00000000a7900000)
 Metaspace       used 21091K, capacity 21468K, committed 21628K, reserved 1069056K
  class space    used 2510K, capacity 2640K, committed 2688K, reserved 1048576K

